<?xml version="1.0" encoding="UTF-8"?>
<testng-results skipped="0" failed="0" total="1" passed="1">
  <reporter-output>
    <line>
      <![CDATA[<a href="TestCaseReport_PELAS_01_09222017_191342/index.html" target="content">Report for PELAS flow</a><br\>]]>
    </line>
    <line>
      <![CDATA[Application has opened]]>
    </line>
  </reporter-output>
  <suite name="Regression_PELAS" duration-ms="182092" started-at="2017-09-22T13:43:42Z" finished-at="2017-09-22T13:46:44Z">
    <groups>
    </groups>
    <test name="Create Customer Account" duration-ms="182092" started-at="2017-09-22T13:43:42Z" finished-at="2017-09-22T13:46:44Z">
      <class name="pelascopy.testscripts.Generic.CustomerCreation">
        <test-method status="PASS" signature="LoginSuccess(java.lang.String, java.lang.String, java.lang.String, java.lang.String, java.lang.String, java.lang.String)[pri:0, instance:pelascopy.testscripts.Generic.CustomerCreation@34b7bfc0]" name="LoginSuccess" duration-ms="182067" started-at="2017-09-22T19:13:42Z" finished-at="2017-09-22T19:16:44Z">
          <params>
            <param index="0">
              <value>
                <![CDATA[target/customReport]]>
              </value>
            </param>
            <param index="1">
              <value>
                <![CDATA[PELAS_01]]>
              </value>
            </param>
            <param index="2">
              <value>
                <![CDATA[Chrome]]>
              </value>
            </param>
            <param index="3">
              <value>
                <![CDATA[PELAS]]>
              </value>
            </param>
            <param index="4">
              <value>
                <![CDATA[]]>
              </value>
            </param>
            <param index="5">
              <value>
                <![CDATA[]]>
              </value>
            </param>
          </params>
          <reporter-output>
            <line>
              <![CDATA[<a href="TestCaseReport_PELAS_01_09222017_191342/index.html" target="content">Report for PELAS flow</a><br\>]]>
            </line>
            <line>
              <![CDATA[Application has opened]]>
            </line>
          </reporter-output>
        </test-method> <!-- LoginSuccess -->
        <test-method status="PASS" signature="afterTest()[pri:0, instance:pelascopy.testscripts.Generic.CustomerCreation@34b7bfc0]" name="afterTest" is-config="true" duration-ms="0" started-at="2017-09-22T19:16:44Z" finished-at="2017-09-22T19:16:44Z">
          <reporter-output>
          </reporter-output>
        </test-method> <!-- afterTest -->
      </class> <!-- pelascopy.testscripts.Generic.CustomerCreation -->
    </test> <!-- Create Customer Account -->
  </suite> <!-- Regression_PELAS -->
</testng-results>
